[LOG] System::create                           : Header version = 2.00.07. Current version = 2.00.07.
[LOG] Manager::init                            : maxchannels = 256 studioflags = 00000006 flags 00000000 extradriverdata 0000000000000000.
[LOG] SystemI::init                            : Initialize version=20007 (107206), maxchannels=256, flags=0x00020000
[LOG] SystemI::setOutputInternal               : Setting output to 'FMOD WASAPI Output'
[LOG] OutputWASAPI::init                       : Mix Format (WAVEFORMATEX): wFormatTag=0xFFFE, nChannels=2, nSamplesPerSec=48000, nAvgBytesPerSec=384000, nBlockAlign=8, wBitsPerSample=32, cbSize=22.
[LOG] OutputWASAPI::init                       : Mix Format (WAVEFORMATEXTENSIBLE): wValidBitsPerSample=32, dwChannelMask=0x00000003, SubFormat=00000003-0000-0010-8000-00AA00389B71.
[LOG] OutputWASAPI::init                       : Output buffer size: 4096 samples, latency: 0.00ms, period: 10.00ms, DSP buffer: 1024 * 4
[LOG] Thread::initThread                       : Init FMOD stream thread. Priority: 2, Stack Size: 98304, Semaphore: No, Sleep Time: 10, Looping: Yes.
[LOG] Thread::initThread                       : Init FMOD mixer thread. Priority: 3, Stack Size: 81920, Semaphore: No, Sleep Time: 0, Looping: Yes.
[LOG] AsyncManager::init                       : manager 00000158BF94F068 isAsync 0 updatePeriod 0.02
[LOG] AsyncManager::init                       : done
[LOG] PlaybackSystem::init                     : 
[LOG] Thread::initThread                       : Init FMOD Studio sample load thread. Priority: 0, Stack Size: 98304, Semaphore: No, Sleep Time: 1, Looping: No.
[LOG] PlaybackSystem::init                     : done
[LOG] Thread::initThread                       : Init FMOD Studio bank load thread. Priority: 0, Stack Size: 98304, Semaphore: No, Sleep Time: 1, Looping: No.
[LOG] Manager::init                            : done.
[LOG] Manager::readBank                        : fileversion = 125, compatVersion = 119 (oldest = 44, newest = 125)
[LOG] Manager::readBank                        : fileversion = 125, compatVersion = 119 (oldest = 44, newest = 125)
[LOG] Manager::readBank                        : fileversion = 125, compatVersion = 119 (oldest = 44, newest = 125)
[LOG] Manager::readBank                        : fileversion = 125, compatVersion = 119 (oldest = 44, newest = 125)
[LOG] PlaybackSystem::acquireMasterBus         : Setting master channel group format to 6
[LOG] Manager::readBank                        : fileversion = 125, compatVersion = 119 (oldest = 44, newest = 125)
[LOG] Manager::readBank                        : fileversion = 125, compatVersion = 119 (oldest = 44, newest = 125)
[LOG] Manager::readBank                        : fileversion = 125, compatVersion = 119 (oldest = 44, newest = 125)
[LOG] SystemI::createSound                     : filename = FMOD\LeyLine\Build\Desktop/Environment.bank : mode 02010082
[LOG] SystemI::createSound                     : FMOD_NONBLOCKING specified.  Putting into queue to be opened asynchronously!
[LOG] Thread::initThread                       : Init FMOD nonblocking thread (0). Priority: 1, Stack Size: 114688, Semaphore: Yes, Sleep Time: 0, Looping: Yes.
[LOG] SystemI::createSound                     : setdata soundi = 0000015A23FC9158 : node = 00000159DC1DBAA0
[LOG] SystemI::createSound                     : add node to async list : head = 00000158E451A208.  list count = 0
[LOG] AsyncThread::threadFunc                  : Starting Asynchronous operation on sound 0000015A23FC9158
[LOG] SystemI::createSoundInternal             :     Create name='FMOD\LeyLine\Build\Desktop/Environment.bank', mode=0x02010082
[LOG] SystemI::createSoundInternal             :     exinfo->cbsize             = 224
[LOG] SystemI::createSoundInternal             :     exinfo->length             = 1645984
[LOG] SystemI::createSoundInternal             :     exinfo->fileoffset         = 9280
[LOG] SystemI::createSoundInternal             :     exinfo->numsubsounds       = 1
[LOG] SystemI::createSoundInternal             :     exinfo->inclusionlist      = 00000159DC1DBBB0
[LOG] SystemI::createSoundInternal             :     exinfo->inclusionlistnum   = 1
[LOG] SystemI::createSoundInternal             :     exinfo->suggestedsoundtype = 5
[LOG] SystemI::createSoundInternal             :     exinfo->initialseekpostype = 1
[LOG] SystemI::createSoundInternal             :     Stream 0/1: name='swamp-sounds', format=2, channels=2, frequency=48000, lengthbytes=1257504, lengthpcm=4396094, pcmblocksize=0, loopstart=0, loopend=0, mode=0x00000000, channelmask=0x00000000, channelorder=0, peakvolume=0.258881.
[LOG] Thread::initThread                       :     Init FMOD file thread. Priority: 1, Stack Size: 49152, Semaphore: No, Sleep Time: 10, Looping: Yes.
[LOG] AsyncThread::threadFunc                  : Finished Asynchronous operation on sound 0000015A23FC9158
[LOG] SoundI::getSubSound                      : sound 0000015A23FC9158.  Subsound index 0 / 1
[LOG] SystemI::createSoundInternal             : Create name='', mode=0x02000202
[LOG] SystemI::createSoundInternal             : exinfo->cbsize             = 224
[LOG] SystemI::createSoundInternal             : exinfo->length             = 585440
[LOG] SystemI::createSoundInternal             : exinfo->fileoffset         = 69312
[LOG] SystemI::createSoundInternal             : exinfo->numsubsounds       = 1
[LOG] SystemI::createSoundInternal             : exinfo->inclusionlist      = 0000000B98C2F13C
[LOG] SystemI::createSoundInternal             : exinfo->inclusionlistnum   = 1
[LOG] SystemI::createSoundInternal             : exinfo->suggestedsoundtype = 5
[LOG] SystemI::createSoundInternal             : exinfo->useropen           = 00007FFB41AD8630
[LOG] SystemI::createSoundInternal             : exinfo->userclose          = 00007FFB41AD8600
[LOG] SystemI::createSoundInternal             : exinfo->userread           = 00007FFB41AD8700
[LOG] SystemI::createSoundInternal             : exinfo->userseek           = 00007FFB41AD87C0
[LOG] SystemI::createSoundInternal             : exinfo->fileuserdata       = 000001589066CA98
[LOG] SystemI::createSoundInternal             : exinfo->initialseekpostype = 1
[LOG] SystemI::DSPCodecPoolRegister            : register codec pool for pool type 5
[LOG] SystemI::createSoundInternal             : Sample 0/1: name='Thump1', format=2, channels=2, frequency=48000, lengthbytes=4224, lengthpcm=21300, pcmblocksize=0, loopstart=0, loopend=0, mode=0x00000000, channelmask=0x00000000, channelorder=0, peakvolume=0.756189.
[LOG] SystemI::createSoundInternal             : Create name='', mode=0x02000202
[LOG] SystemI::createSoundInternal             : exinfo->cbsize             = 224
[LOG] SystemI::createSoundInternal             : exinfo->length             = 585440
[LOG] SystemI::createSoundInternal             : exinfo->fileoffset         = 69312
[LOG] SystemI::createSoundInternal             : exinfo->numsubsounds       = 1
[LOG] SystemI::createSoundInternal             : exinfo->inclusionlist      = 0000000B98C2F13C
[LOG] SystemI::createSoundInternal             : exinfo->inclusionlistnum   = 1
[LOG] SystemI::createSoundInternal             : exinfo->suggestedsoundtype = 5
[LOG] SystemI::createSoundInternal             : exinfo->useropen           = 00007FFB41AD8630
[LOG] SystemI::createSoundInternal             : exinfo->userclose          = 00007FFB41AD8600
[LOG] SystemI::createSoundInternal             : exinfo->userread           = 00007FFB41AD8700
[LOG] SystemI::createSoundInternal             : exinfo->userseek           = 00007FFB41AD87C0
[LOG] SystemI::createSoundInternal             : exinfo->fileuserdata       = 000001589066CA98
[LOG] SystemI::createSoundInternal             : exinfo->initialseekpostype = 1
[LOG] SystemI::DSPCodecPoolRegister            : register codec pool for pool type 5
[LOG] SystemI::createSoundInternal             : Sample 0/1: name='ExplosionDebris2', format=2, channels=2, frequency=48000, lengthbytes=10528, lengthpcm=37398, pcmblocksize=0, loopstart=0, loopend=0, mode=0x00000000, channelmask=0x00000000, channelorder=0, peakvolume=0.364679.
[LOG] SystemI::createSoundInternal             : Create name='', mode=0x02000202
[LOG] SystemI::createSoundInternal             : exinfo->cbsize             = 224
[LOG] SystemI::createSoundInternal             : exinfo->length             = 585440
[LOG] SystemI::createSoundInternal             : exinfo->fileoffset         = 69312
[LOG] SystemI::createSoundInternal             : exinfo->numsubsounds       = 1
[LOG] SystemI::createSoundInternal             : exinfo->inclusionlist      = 0000000B98C2F13C
[LOG] SystemI::createSoundInternal             : exinfo->inclusionlistnum   = 1
[LOG] SystemI::createSoundInternal             : exinfo->suggestedsoundtype = 5
[LOG] SystemI::createSoundInternal             : exinfo->useropen           = 00007FFB41AD8630
[LOG] SystemI::createSoundInternal             : exinfo->userclose          = 00007FFB41AD8600
[LOG] SystemI::createSoundInternal             : exinfo->userread           = 00007FFB41AD8700
[LOG] SystemI::createSoundInternal             : exinfo->userseek           = 00007FFB41AD87C0
[LOG] SystemI::createSoundInternal             : exinfo->fileuserdata       = 000001589066CA98
[LOG] SystemI::createSoundInternal             : exinfo->initialseekpostype = 1
[LOG] SystemI::DSPCodecPoolRegister            : register codec pool for pool type 5
[LOG] SystemI::createSoundInternal             : Sample 0/1: name='ExplosionDebris1', format=2, channels=2, frequency=48000, lengthbytes=11360, lengthpcm=38971, pcmblocksize=0, loopstart=0, loopend=0, mode=0x00000000, channelmask=0x00000000, channelorder=0, peakvolume=0.365773.
[LOG] SystemI::createSoundInternal             : Create name='', mode=0x02000202
[LOG] SystemI::createSoundInternal             : exinfo->cbsize             = 224
[LOG] SystemI::createSoundInternal             : exinfo->length             = 874528
[LOG] SystemI::createSoundInternal             : exinfo->fileoffset         = 19808
[LOG] SystemI::createSoundInternal             : exinfo->numsubsounds       = 1
[LOG] SystemI::createSoundInternal             : exinfo->inclusionlist      = 0000000B98C2F13C
[LOG] SystemI::createSoundInternal             : exinfo->inclusionlistnum   = 1
[LOG] SystemI::createSoundInternal             : exinfo->suggestedsoundtype = 5
[LOG] SystemI::createSoundInternal             : exinfo->useropen           = 00007FFB41AD8630
[LOG] SystemI::createSoundInternal             : exinfo->userclose          = 00007FFB41AD8600
[LOG] SystemI::createSoundInternal             : exinfo->userread           = 00007FFB41AD8700
[LOG] SystemI::createSoundInternal             : exinfo->userseek           = 00007FFB41AD87C0
[LOG] SystemI::createSoundInternal             : exinfo->fileuserdata       = 000001589066A158
[LOG] SystemI::createSoundInternal             : exinfo->initialseekpostype = 1
[LOG] SystemI::DSPCodecPoolRegister            : register codec pool for pool type 5
[LOG] SystemI::createSoundInternal             : Sample 0/1: name='TimerEnd', format=2, channels=2, frequency=48000, lengthbytes=33760, lengthpcm=110388, pcmblocksize=0, loopstart=0, loopend=0, mode=0x00000000, channelmask=0x00000000, channelorder=0, peakvolume=0.854141.
[LOG] SystemI::createSoundInternal             : Create name='', mode=0x02000202
[LOG] SystemI::createSoundInternal             : exinfo->cbsize             = 224
[LOG] SystemI::createSoundInternal             : exinfo->length             = 874528
[LOG] SystemI::createSoundInternal             : exinfo->fileoffset         = 19808
[LOG] SystemI::createSoundInternal             : exinfo->numsubsounds       = 1
[LOG] SystemI::createSoundInternal             : exinfo->inclusionlist      = 0000000B98C2F13C
[LOG] SystemI::createSoundInternal             : exinfo->inclusionlistnum   = 1
[LOG] SystemI::createSoundInternal             : exinfo->suggestedsoundtype = 5
[LOG] SystemI::createSoundInternal             : exinfo->useropen           = 00007FFB41AD8630
[LOG] SystemI::createSoundInternal             : exinfo->userclose          = 00007FFB41AD8600
[LOG] SystemI::createSoundInternal             : exinfo->userread           = 00007FFB41AD8700
[LOG] SystemI::createSoundInternal             : exinfo->userseek           = 00007FFB41AD87C0
[LOG] SystemI::createSoundInternal             : exinfo->fileuserdata       = 000001589066A158
[LOG] SystemI::createSoundInternal             : exinfo->initialseekpostype = 1
[LOG] SystemI::DSPCodecPoolRegister            : register codec pool for pool type 5
[LOG] SystemI::createSoundInternal             : Sample 0/1: name='SwordUnSheathe1', format=2, channels=2, frequency=48000, lengthbytes=7360, lengthpcm=35480, pcmblocksize=0, loopstart=0, loopend=0, mode=0x00000000, channelmask=0x00000000, channelorder=0, peakvolume=0.205475.
[LOG] SystemI::createSound                     : filename = FMOD\LeyLine\Build\Desktop/UISFX.bank : mode 02010082
[LOG] SystemI::createSound                     : FMOD_NONBLOCKING specified.  Putting into queue to be opened asynchronously!
[LOG] SystemI::createSound                     : setdata soundi = 0000015A23FC9ED8 : node = 00000159DC1DB820
[LOG] SystemI::createSound                     : add node to async list : head = 00000158E451A208.  list count = 0
[LOG] AsyncThread::threadFunc                  : Starting Asynchronous operation on sound 0000015A23FC9ED8
[LOG] SystemI::createSoundInternal             :     Create name='FMOD\LeyLine\Build\Desktop/UISFX.bank', mode=0x02010082
[LOG] SystemI::createSoundInternal             :     exinfo->cbsize             = 224
[LOG] SystemI::createSoundInternal             :     exinfo->length             = 874528
[LOG] SystemI::createSoundInternal             :     exinfo->fileoffset         = 19808
[LOG] SystemI::createSoundInternal             :     exinfo->numsubsounds       = 1
[LOG] SystemI::createSoundInternal             :     exinfo->inclusionlist      = 00000159DC1DB930
[LOG] SystemI::createSoundInternal             :     exinfo->inclusionlistnum   = 1
[LOG] SystemI::createSoundInternal             :     exinfo->suggestedsoundtype = 5
[LOG] SystemI::createSoundInternal             :     exinfo->initialseekposition = 480
[LOG] SystemI::createSoundInternal             :     exinfo->initialseekpostype = 1
[LOG] SystemI::createSoundInternal             :     Stream 0/1: name='423475__camel7695__tam-tam-soft', format=2, channels=2, frequency=48000, lengthbytes=629792, lengthpcm=2736000, pcmblocksize=0, loopstart=0, loopend=0, mode=0x00000000, channelmask=0x00000000, channelorder=0, peakvolume=0.739441.
[LOG] AsyncThread::threadFunc                  : Finished Asynchronous operation on sound 0000015A23FC9ED8
[LOG] SoundI::getSubSound                      : sound 0000015A23FC9ED8.  Subsound index 0 / 1
[LOG] SystemI::createSound                     : filename = FMOD\LeyLine\Build\Desktop/Environment.bank : mode 02010082
[LOG] SystemI::createSound                     : FMOD_NONBLOCKING specified.  Putting into queue to be opened asynchronously!
[LOG] SystemI::createSound                     : setdata soundi = 000001588D8AF398 : node = 000001589233C5D0
[LOG] SystemI::createSound                     : add node to async list : head = 00000158E451A208.  list count = 0
[LOG] AsyncThread::threadFunc                  : Starting Asynchronous operation on sound 000001588D8AF398
[LOG] SystemI::createSoundInternal             :     Create name='FMOD\LeyLine\Build\Desktop/Environment.bank', mode=0x02010082
[LOG] SystemI::createSoundInternal             :     exinfo->cbsize             = 224
[LOG] SystemI::createSoundInternal             :     exinfo->length             = 1645984
[LOG] SystemI::createSoundInternal             :     exinfo->fileoffset         = 9280
[LOG] SystemI::createSoundInternal             :     exinfo->numsubsounds       = 1
[LOG] SystemI::createSoundInternal             :     exinfo->inclusionlist      = 000001589233C6E0
[LOG] SystemI::createSoundInternal             :     exinfo->inclusionlistnum   = 1
[LOG] SystemI::createSoundInternal             :     exinfo->suggestedsoundtype = 5
[LOG] SystemI::createSoundInternal             :     exinfo->initialseekpostype = 1
[LOG] SystemI::createSoundInternal             :     Stream 0/1: name='349388__macdaddyno1__river-flow-in-okutama', format=2, channels=2, frequency=48000, lengthbytes=148448, lengthpcm=609384, pcmblocksize=0, loopstart=0, loopend=0, mode=0x00000000, channelmask=0x00000000, channelorder=0, peakvolume=0.598297.
[LOG] AsyncThread::threadFunc                  : Finished Asynchronous operation on sound 000001588D8AF398
[LOG] SoundI::getSubSound                      : sound 000001588D8AF398.  Subsound index 0 / 1
[LOG] SoundI::release                          : 349388__macdaddyno1__river-flow-in-okutama (000001588D8AF398)
[LOG] SoundI::release                          :     349388__macdaddyno1__river-flow-in-okutama (00000158E451B778)
[LOG] SoundI::release                          :     349388__macdaddyno1__river-flow-in-okutama (00000159E46F0478)
[LOG] SoundI::release                          : 423475__camel7695__tam-tam-soft (0000015A23FC9ED8)
[LOG] SoundI::release                          :     423475__camel7695__tam-tam-soft (00000158E451DCD8)
[LOG] SoundI::release                          :     423475__camel7695__tam-tam-soft (00000159E46F02C8)
[LOG] SystemI::createSoundInternal             : Create name='', mode=0x02000202
[LOG] SystemI::createSoundInternal             : exinfo->cbsize             = 224
[LOG] SystemI::createSoundInternal             : exinfo->length             = 874528
[LOG] SystemI::createSoundInternal             : exinfo->fileoffset         = 19808
[LOG] SystemI::createSoundInternal             : exinfo->numsubsounds       = 1
[LOG] SystemI::createSoundInternal             : exinfo->inclusionlist      = 0000000B98C2F13C
[LOG] SystemI::createSoundInternal             : exinfo->inclusionlistnum   = 1
[LOG] SystemI::createSoundInternal             : exinfo->suggestedsoundtype = 5
[LOG] SystemI::createSoundInternal             : exinfo->useropen           = 00007FFB41AD8630
[LOG] SystemI::createSoundInternal             : exinfo->userclose          = 00007FFB41AD8600
[LOG] SystemI::createSoundInternal             : exinfo->userread           = 00007FFB41AD8700
[LOG] SystemI::createSoundInternal             : exinfo->userseek           = 00007FFB41AD87C0
[LOG] SystemI::createSoundInternal             : exinfo->fileuserdata       = 000001584A12D388
[LOG] SystemI::createSoundInternal             : exinfo->initialseekpostype = 1
[LOG] SystemI::DSPCodecPoolRegister            : register codec pool for pool type 5
[LOG] SystemI::createSoundInternal             : Sample 0/1: name='BRRRRLoop', format=2, channels=2, frequency=48000, lengthbytes=31808, lengthpcm=65456, pcmblocksize=0, loopstart=0, loopend=0, mode=0x00000000, channelmask=0x00000000, channelorder=0, peakvolume=0.519205.
[LOG] SystemI::createSoundInternal             : Create name='', mode=0x02000202
[LOG] SystemI::createSoundInternal             : exinfo->cbsize             = 224
[LOG] SystemI::createSoundInternal             : exinfo->length             = 585440
[LOG] SystemI::createSoundInternal             : exinfo->fileoffset         = 69312
[LOG] SystemI::createSoundInternal             : exinfo->numsubsounds       = 1
[LOG] SystemI::createSoundInternal             : exinfo->inclusionlist      = 0000000B98C2F13C
[LOG] SystemI::createSoundInternal             : exinfo->inclusionlistnum   = 1
[LOG] SystemI::createSoundInternal             : exinfo->suggestedsoundtype = 5
[LOG] SystemI::createSoundInternal             : exinfo->useropen           = 00007FFB41AD8630
[LOG] SystemI::createSoundInternal             : exinfo->userclose          = 00007FFB41AD8600
[LOG] SystemI::createSoundInternal             : exinfo->userread           = 00007FFB41AD8700
[LOG] SystemI::createSoundInternal             : exinfo->userseek           = 00007FFB41AD87C0
[LOG] SystemI::createSoundInternal             : exinfo->fileuserdata       = 000001584A1321E8
[LOG] SystemI::createSoundInternal             : exinfo->initialseekpostype = 1
[LOG] SystemI::DSPCodecPoolRegister            : register codec pool for pool type 5
[LOG] SystemI::createSoundInternal             : Sample 0/1: name='StoneGrind1', format=2, channels=2, frequency=48000, lengthbytes=10368, lengthpcm=35973, pcmblocksize=0, loopstart=0, loopend=0, mode=0x00000000, channelmask=0x00000000, channelorder=0, peakvolume=0.567566.
[LOG] SystemI::createSoundInternal             : Create name='', mode=0x02000202
[LOG] SystemI::createSoundInternal             : exinfo->cbsize             = 224
[LOG] SystemI::createSoundInternal             : exinfo->length             = 874528
[LOG] SystemI::createSoundInternal             : exinfo->fileoffset         = 19808
[LOG] SystemI::createSoundInternal             : exinfo->numsubsounds       = 1
[LOG] SystemI::createSoundInternal             : exinfo->inclusionlist      = 0000000B98C2F13C
[LOG] SystemI::createSoundInternal             : exinfo->inclusionlistnum   = 1
[LOG] SystemI::createSoundInternal             : exinfo->suggestedsoundtype = 5
[LOG] SystemI::createSoundInternal             : exinfo->useropen           = 00007FFB41AD8630
[LOG] SystemI::createSoundInternal             : exinfo->userclose          = 00007FFB41AD8600
[LOG] SystemI::createSoundInternal             : exinfo->userread           = 00007FFB41AD8700
[LOG] SystemI::createSoundInternal             : exinfo->userseek           = 00007FFB41AD87C0
[LOG] SystemI::createSoundInternal             : exinfo->fileuserdata       = 000001589066BA18
[LOG] SystemI::createSoundInternal             : exinfo->initialseekpostype = 1
[LOG] SystemI::DSPCodecPoolRegister            : register codec pool for pool type 5
[LOG] SystemI::createSoundInternal             : Sample 0/1: name='TikTokLoop', format=2, channels=2, frequency=48000, lengthbytes=56736, lengthpcm=187554, pcmblocksize=0, loopstart=0, loopend=0, mode=0x00000000, channelmask=0x00000000, channelorder=0, peakvolume=0.309547.
[LOG] SystemI::createSoundInternal             : Create name='', mode=0x02000202
[LOG] SystemI::createSoundInternal             : exinfo->cbsize             = 224
[LOG] SystemI::createSoundInternal             : exinfo->length             = 1645984
[LOG] SystemI::createSoundInternal             : exinfo->fileoffset         = 9280
[LOG] SystemI::createSoundInternal             : exinfo->numsubsounds       = 1
[LOG] SystemI::createSoundInternal             : exinfo->inclusionlist      = 0000000B98C2F13C
[LOG] SystemI::createSoundInternal             : exinfo->inclusionlistnum   = 1
[LOG] SystemI::createSoundInternal             : exinfo->suggestedsoundtype = 5
[LOG] SystemI::createSoundInternal             : exinfo->useropen           = 00007FFB41AD8630
[LOG] SystemI::createSoundInternal             : exinfo->userclose          = 00007FFB41AD8600
[LOG] SystemI::createSoundInternal             : exinfo->userread           = 00007FFB41AD8700
[LOG] SystemI::createSoundInternal             : exinfo->userseek           = 00007FFB41AD87C0
[LOG] SystemI::createSoundInternal             : exinfo->fileuserdata       = 00000158FD813368
[LOG] SystemI::createSoundInternal             : exinfo->initialseekpostype = 1
[LOG] SystemI::DSPCodecPoolRegister            : register codec pool for pool type 5
[LOG] SystemI::createSoundInternal             : Sample 0/1: name='ExplosionBass1', format=2, channels=2, frequency=48000, lengthbytes=25568, lengthpcm=184786, pcmblocksize=0, loopstart=0, loopend=0, mode=0x00000000, channelmask=0x00000000, channelorder=0, peakvolume=0.807018.
[LOG] SystemI::createSound                     : filename = FMOD\LeyLine\Build\Desktop/UISFX.bank : mode 02010082
[LOG] SystemI::createSound                     : FMOD_NONBLOCKING specified.  Putting into queue to be opened asynchronously!
[LOG] SystemI::createSound                     : setdata soundi = 0000015A23FC94B8 : node = 00000158E45E9A20
[LOG] SystemI::createSound                     : add node to async list : head = 00000158E451A208.  list count = 0
[LOG] AsyncThread::threadFunc                  : Starting Asynchronous operation on sound 0000015A23FC94B8
[LOG] SystemI::createSoundInternal             :     Create name='FMOD\LeyLine\Build\Desktop/UISFX.bank', mode=0x02010082
[LOG] SystemI::createSoundInternal             :     exinfo->cbsize             = 224
[LOG] SystemI::createSoundInternal             :     exinfo->length             = 874528
[LOG] SystemI::createSoundInternal             :     exinfo->fileoffset         = 19808
[LOG] SystemI::createSoundInternal             :     exinfo->numsubsounds       = 1
[LOG] SystemI::createSoundInternal             :     exinfo->inclusionlist      = 00000158E45E9B30
[LOG] SystemI::createSoundInternal             :     exinfo->inclusionlistnum   = 1
[LOG] SystemI::createSoundInternal             :     exinfo->suggestedsoundtype = 5
[LOG] SystemI::createSoundInternal             :     exinfo->initialseekposition = 480
[LOG] SystemI::createSoundInternal             :     exinfo->initialseekpostype = 1
[LOG] SystemI::createSoundInternal             :     Stream 0/1: name='423475__camel7695__tam-tam-soft', format=2, channels=2, frequency=48000, lengthbytes=629792, lengthpcm=2736000, pcmblocksize=0, loopstart=0, loopend=0, mode=0x00000000, channelmask=0x00000000, channelorder=0, peakvolume=0.739441.
[LOG] AsyncThread::threadFunc                  : Finished Asynchronous operation on sound 0000015A23FC94B8
[LOG] SoundI::getSubSound                      : sound 0000015A23FC94B8.  Subsound index 0 / 1
[LOG] SoundI::release                          : 423475__camel7695__tam-tam-soft (0000015A23FC94B8)
[LOG] SoundI::release                          :     423475__camel7695__tam-tam-soft (00000158E4520A58)
[LOG] SoundI::release                          :     423475__camel7695__tam-tam-soft (000001589097C7F8)
[LOG] SystemI::createSound                     : filename = FMOD\LeyLine\Build\Desktop/UISFX.bank : mode 02010082
[LOG] SystemI::createSound                     : FMOD_NONBLOCKING specified.  Putting into queue to be opened asynchronously!
[LOG] SystemI::createSound                     : setdata soundi = 0000015A23FC9818 : node = 00000158E45E9DE0
[LOG] SystemI::createSound                     : add node to async list : head = 00000158E451A208.  list count = 0
[LOG] AsyncThread::threadFunc                  : Starting Asynchronous operation on sound 0000015A23FC9818
[LOG] SystemI::createSoundInternal             :     Create name='FMOD\LeyLine\Build\Desktop/UISFX.bank', mode=0x02010082
[LOG] SystemI::createSoundInternal             :     exinfo->cbsize             = 224
[LOG] SystemI::createSoundInternal             :     exinfo->length             = 874528
[LOG] SystemI::createSoundInternal             :     exinfo->fileoffset         = 19808
[LOG] SystemI::createSoundInternal             :     exinfo->numsubsounds       = 1
[LOG] SystemI::createSoundInternal             :     exinfo->inclusionlist      = 00000158E45E9EF0
[LOG] SystemI::createSoundInternal             :     exinfo->inclusionlistnum   = 1
[LOG] SystemI::createSoundInternal             :     exinfo->suggestedsoundtype = 5
[LOG] SystemI::createSoundInternal             :     exinfo->initialseekposition = 480
[LOG] SystemI::createSoundInternal             :     exinfo->initialseekpostype = 1
[LOG] SystemI::createSoundInternal             :     Stream 0/1: name='423475__camel7695__tam-tam-soft', format=2, channels=2, frequency=48000, lengthbytes=629792, lengthpcm=2736000, pcmblocksize=0, loopstart=0, loopend=0, mode=0x00000000, channelmask=0x00000000, channelorder=0, peakvolume=0.739441.
[LOG] AsyncThread::threadFunc                  : Finished Asynchronous operation on sound 0000015A23FC9818
[LOG] SoundI::getSubSound                      : sound 0000015A23FC9818.  Subsound index 0 / 1
[LOG] SoundI::release                          : 423475__camel7695__tam-tam-soft (0000015A23FC9818)
[LOG] SoundI::release                          :     423475__camel7695__tam-tam-soft (00000158E4520D98)
[LOG] SoundI::release                          :     423475__camel7695__tam-tam-soft (00000159012D7218)
[LOG] SystemI::createSoundInternal             : Create name='', mode=0x02000202
[LOG] SystemI::createSoundInternal             : exinfo->cbsize             = 224
[LOG] SystemI::createSoundInternal             : exinfo->length             = 874528
[LOG] SystemI::createSoundInternal             : exinfo->fileoffset         = 19808
[LOG] SystemI::createSoundInternal             : exinfo->numsubsounds       = 1
[LOG] SystemI::createSoundInternal             : exinfo->inclusionlist      = 0000000B98C2F13C
[LOG] SystemI::createSoundInternal             : exinfo->inclusionlistnum   = 1
[LOG] SystemI::createSoundInternal             : exinfo->suggestedsoundtype = 5
[LOG] SystemI::createSoundInternal             : exinfo->useropen           = 00007FFB41AD8630
[LOG] SystemI::createSoundInternal             : exinfo->userclose          = 00007FFB41AD8600
[LOG] SystemI::createSoundInternal             : exinfo->userread           = 00007FFB41AD8700
[LOG] SystemI::createSoundInternal             : exinfo->userseek           = 00007FFB41AD87C0
[LOG] SystemI::createSoundInternal             : exinfo->fileuserdata       = 00000158F9098E98
[LOG] SystemI::createSoundInternal             : exinfo->initialseekpostype = 1
[LOG] SystemI::DSPCodecPoolRegister            : register codec pool for pool type 5
[LOG] SystemI::createSoundInternal             : Sample 0/1: name='Tick1', format=2, channels=2, frequency=48000, lengthbytes=416, lengthpcm=528, pcmblocksize=0, loopstart=0, loopend=0, mode=0x00000000, channelmask=0x00000000, channelorder=0, peakvolume=0.410645.
[LOG] SystemI::createSoundInternal             : Create name='', mode=0x02000202
[LOG] SystemI::createSoundInternal             : exinfo->cbsize             = 224
[LOG] SystemI::createSoundInternal             : exinfo->length             = 874528
[LOG] SystemI::createSoundInternal             : exinfo->fileoffset         = 19808
[LOG] SystemI::createSoundInternal             : exinfo->numsubsounds       = 1
[LOG] SystemI::createSoundInternal             : exinfo->inclusionlist      = 0000000B98C2F13C
[LOG] SystemI::createSoundInternal             : exinfo->inclusionlistnum   = 1
[LOG] SystemI::createSoundInternal             : exinfo->suggestedsoundtype = 5
[LOG] SystemI::createSoundInternal             : exinfo->useropen           = 00007FFB41AD8630
[LOG] SystemI::createSoundInternal             : exinfo->userclose          = 00007FFB41AD8600
[LOG] SystemI::createSoundInternal             : exinfo->userread           = 00007FFB41AD8700
[LOG] SystemI::createSoundInternal             : exinfo->userseek           = 00007FFB41AD87C0
[LOG] SystemI::createSoundInternal             : exinfo->fileuserdata       = 00000158F9098E98
[LOG] SystemI::createSoundInternal             : exinfo->initialseekpostype = 1
[LOG] SystemI::DSPCodecPoolRegister            : register codec pool for pool type 5
[LOG] SystemI::createSoundInternal             : Sample 0/1: name='Tick3', format=2, channels=2, frequency=48000, lengthbytes=352, lengthpcm=474, pcmblocksize=0, loopstart=0, loopend=0, mode=0x00000000, channelmask=0x00000000, channelorder=0, peakvolume=0.240510.
[LOG] SystemI::createSoundInternal             : Create name='', mode=0x02000202
[LOG] SystemI::createSoundInternal             : exinfo->cbsize             = 224
[LOG] SystemI::createSoundInternal             : exinfo->length             = 874528
[LOG] SystemI::createSoundInternal             : exinfo->fileoffset         = 19808
[LOG] SystemI::createSoundInternal             : exinfo->numsubsounds       = 1
[LOG] SystemI::createSoundInternal             : exinfo->inclusionlist      = 0000000B98C2F13C
[LOG] SystemI::createSoundInternal             : exinfo->inclusionlistnum   = 1
[LOG] SystemI::createSoundInternal             : exinfo->suggestedsoundtype = 5
[LOG] SystemI::createSoundInternal             : exinfo->useropen           = 00007FFB41AD8630
[LOG] SystemI::createSoundInternal             : exinfo->userclose          = 00007FFB41AD8600
[LOG] SystemI::createSoundInternal             : exinfo->userread           = 00007FFB41AD8700
[LOG] SystemI::createSoundInternal             : exinfo->userseek           = 00007FFB41AD87C0
[LOG] SystemI::createSoundInternal             : exinfo->fileuserdata       = 00000158F9098E98
[LOG] SystemI::createSoundInternal             : exinfo->initialseekpostype = 1
[LOG] SystemI::DSPCodecPoolRegister            : register codec pool for pool type 5
[LOG] SystemI::createSoundInternal             : Sample 0/1: name='Tick2', format=2, channels=2, frequency=48000, lengthbytes=416, lengthpcm=531, pcmblocksize=0, loopstart=0, loopend=0, mode=0x00000000, channelmask=0x00000000, channelorder=0, peakvolume=0.330414.
[LOG] SystemI::createSoundInternal             : Create name='', mode=0x02000202
[LOG] SystemI::createSoundInternal             : exinfo->cbsize             = 224
[LOG] SystemI::createSoundInternal             : exinfo->length             = 874528
[LOG] SystemI::createSoundInternal             : exinfo->fileoffset         = 19808
[LOG] SystemI::createSoundInternal             : exinfo->numsubsounds       = 1
[LOG] SystemI::createSoundInternal             : exinfo->inclusionlist      = 0000000B98C2F13C
[LOG] SystemI::createSoundInternal             : exinfo->inclusionlistnum   = 1
[LOG] SystemI::createSoundInternal             : exinfo->suggestedsoundtype = 5
[LOG] SystemI::createSoundInternal             : exinfo->useropen           = 00007FFB41AD8630
[LOG] SystemI::createSoundInternal             : exinfo->userclose          = 00007FFB41AD8600
[LOG] SystemI::createSoundInternal             : exinfo->userread           = 00007FFB41AD8700
[LOG] SystemI::createSoundInternal             : exinfo->userseek           = 00007FFB41AD87C0
[LOG] SystemI::createSoundInternal             : exinfo->fileuserdata       = 00000159DA5259B8
[LOG] SystemI::createSoundInternal             : exinfo->initialseekpostype = 1
[LOG] SystemI::DSPCodecPoolRegister            : register codec pool for pool type 5
[LOG] SystemI::createSoundInternal             : Sample 0/1: name='ManalithLoop', format=2, channels=2, frequency=48000, lengthbytes=12000, lengthpcm=85200, pcmblocksize=0, loopstart=0, loopend=0, mode=0x00000000, channelmask=0x00000000, channelorder=0, peakvolume=0.061674.
[LOG] SoundI::release                          :  (00000159E4B48A98)
[LOG] SoundI::release                          :     Electric (00000158E451D658)
[LOG] SystemI::createSound                     : filename = FMOD\LeyLine\Build\Desktop/UISFX.bank : mode 02010082
[LOG] SystemI::createSound                     : FMOD_NONBLOCKING specified.  Putting into queue to be opened asynchronously!
[LOG] SystemI::createSound                     : setdata soundi = 00000159012D7218 : node = 00000159DC938270
[LOG] SystemI::createSound                     : add node to async list : head = 00000158E451A208.  list count = 0
[LOG] AsyncThread::threadFunc                  : Starting Asynchronous operation on sound 00000159012D7218
[LOG] SystemI::createSoundInternal             :     Create name='FMOD\LeyLine\Build\Desktop/UISFX.bank', mode=0x02010082
[LOG] SystemI::createSoundInternal             :     exinfo->cbsize             = 224
[LOG] SystemI::createSoundInternal             :     exinfo->length             = 874528
[LOG] SystemI::createSoundInternal             :     exinfo->fileoffset         = 19808
[LOG] SystemI::createSoundInternal             :     exinfo->numsubsounds       = 1
[LOG] SystemI::createSoundInternal             :     exinfo->inclusionlist      = 00000159DC938380
[LOG] SystemI::createSoundInternal             :     exinfo->inclusionlistnum   = 1
[LOG] SystemI::createSoundInternal             :     exinfo->suggestedsoundtype = 5
[LOG] SystemI::createSoundInternal             :     exinfo->initialseekposition = 480
[LOG] SystemI::createSoundInternal             :     exinfo->initialseekpostype = 1
[LOG] SystemI::createSoundInternal             :     Stream 0/1: name='423475__camel7695__tam-tam-soft', format=2, channels=2, frequency=48000, lengthbytes=629792, lengthpcm=2736000, pcmblocksize=0, loopstart=0, loopend=0, mode=0x00000000, channelmask=0x00000000, channelorder=0, peakvolume=0.739441.
[LOG] AsyncThread::threadFunc                  : Finished Asynchronous operation on sound 00000159012D7218
[LOG] SoundI::getSubSound                      : sound 00000159012D7218.  Subsound index 0 / 1
[LOG] SoundI::release                          : 423475__camel7695__tam-tam-soft (00000159012D7218)
[LOG] SoundI::release                          :     423475__camel7695__tam-tam-soft (00000158E451D658)
[LOG] SoundI::release                          :     423475__camel7695__tam-tam-soft (00000158E48F9918)
[LOG] SystemI::createSound                     : filename = FMOD\LeyLine\Build\Desktop/Environment.bank : mode 02010082
[LOG] SystemI::createSound                     : FMOD_NONBLOCKING specified.  Putting into queue to be opened asynchronously!
[LOG] SystemI::createSound                     : setdata soundi = 000001588D8AE978 : node = 000001589233CE90
[LOG] SystemI::createSound                     : add node to async list : head = 00000158E451A208.  list count = 0
[LOG] AsyncThread::threadFunc                  : Starting Asynchronous operation on sound 000001588D8AE978
[LOG] SystemI::createSoundInternal             :     Create name='FMOD\LeyLine\Build\Desktop/Environment.bank', mode=0x02010082
[LOG] SystemI::createSoundInternal             :     exinfo->cbsize             = 224
[LOG] SystemI::createSoundInternal             :     exinfo->length             = 1645984
[LOG] SystemI::createSoundInternal             :     exinfo->fileoffset         = 9280
[LOG] SystemI::createSoundInternal             :     exinfo->numsubsounds       = 1
[LOG] SystemI::createSoundInternal             :     exinfo->inclusionlist      = 000001589233CFA0
[LOG] SystemI::createSoundInternal             :     exinfo->inclusionlistnum   = 1
[LOG] SystemI::createSoundInternal             :     exinfo->suggestedsoundtype = 5
[LOG] SystemI::createSoundInternal             :     exinfo->initialseekpostype = 1
[LOG] SystemI::createSoundInternal             :     Stream 0/1: name='swamp-sounds', format=2, channels=2, frequency=48000, lengthbytes=1257504, lengthpcm=4396094, pcmblocksize=0, loopstart=0, loopend=0, mode=0x00000000, channelmask=0x00000000, channelorder=0, peakvolume=0.258881.
[LOG] AsyncThread::threadFunc                  : Finished Asynchronous operation on sound 000001588D8AE978
[LOG] SoundI::getSubSound                      : sound 000001588D8AE978.  Subsound index 0 / 1
[LOG] SoundI::release                          : swamp-sounds (0000015A23FC9158)
[LOG] SoundI::release                          :     swamp-sounds (00000158E451D318)
[LOG] SoundI::release                          :     swamp-sounds (00000159E46EFA58)
[LOG] SystemI::createSound                     : filename = FMOD\LeyLine\Build\Desktop/UISFX.bank : mode 02010082
[LOG] SystemI::createSound                     : FMOD_NONBLOCKING specified.  Putting into queue to be opened asynchronously!
[LOG] SystemI::createSound                     : setdata soundi = 00000159012D78D8 : node = 00000159DC9383B0
[LOG] SystemI::createSound                     : add node to async list : head = 00000158E451A208.  list count = 0
[LOG] AsyncThread::threadFunc                  : Starting Asynchronous operation on sound 00000159012D78D8
[LOG] SystemI::createSoundInternal             :     Create name='FMOD\LeyLine\Build\Desktop/UISFX.bank', mode=0x02010082
[LOG] SystemI::createSoundInternal             :     exinfo->cbsize             = 224
[LOG] SystemI::createSoundInternal             :     exinfo->length             = 874528
[LOG] SystemI::createSoundInternal             :     exinfo->fileoffset         = 19808
[LOG] SystemI::createSoundInternal             :     exinfo->numsubsounds       = 1
[LOG] SystemI::createSoundInternal             :     exinfo->inclusionlist      = 00000159DC9384C0
[LOG] SystemI::createSoundInternal             :     exinfo->inclusionlistnum   = 1
[LOG] SystemI::createSoundInternal             :     exinfo->suggestedsoundtype = 5
[LOG] SystemI::createSoundInternal             :     exinfo->initialseekposition = 480
[LOG] SystemI::createSoundInternal             :     exinfo->initialseekpostype = 1
[LOG] SystemI::createSoundInternal             :     Stream 0/1: name='423475__camel7695__tam-tam-soft', format=2, channels=2, frequency=48000, lengthbytes=629792, lengthpcm=2736000, pcmblocksize=0, loopstart=0, loopend=0, mode=0x00000000, channelmask=0x00000000, channelorder=0, peakvolume=0.739441.
[LOG] AsyncThread::threadFunc                  : Finished Asynchronous operation on sound 00000159012D78D8
[LOG] SoundI::getSubSound                      : sound 00000159012D78D8.  Subsound index 0 / 1
[LOG] SoundI::release                          : 423475__camel7695__tam-tam-soft (00000159012D78D8)
[LOG] SoundI::release                          :     423475__camel7695__tam-tam-soft (00000158E451E018)
[LOG] SoundI::release                          :     423475__camel7695__tam-tam-soft (000001588D8AF398)
[LOG] SystemI::createSound                     : filename = FMOD\LeyLine\Build\Desktop/UISFX.bank : mode 02010082
[LOG] SystemI::createSound                     : FMOD_NONBLOCKING specified.  Putting into queue to be opened asynchronously!
[LOG] SystemI::createSound                     : setdata soundi = 000001588D8AE7C8 : node = 000001589233CAD0
[LOG] SystemI::createSound                     : add node to async list : head = 00000158E451A208.  list count = 0
[LOG] AsyncThread::threadFunc                  : Starting Asynchronous operation on sound 000001588D8AE7C8
[LOG] SystemI::createSoundInternal             :     Create name='FMOD\LeyLine\Build\Desktop/UISFX.bank', mode=0x02010082
[LOG] SystemI::createSoundInternal             :     exinfo->cbsize             = 224
[LOG] SystemI::createSoundInternal             :     exinfo->length             = 874528
[LOG] SystemI::createSoundInternal             :     exinfo->fileoffset         = 19808
[LOG] SystemI::createSoundInternal             :     exinfo->numsubsounds       = 1
[LOG] SystemI::createSoundInternal             :     exinfo->inclusionlist      = 000001589233CBE0
[LOG] SystemI::createSoundInternal             :     exinfo->inclusionlistnum   = 1
[LOG] SystemI::createSoundInternal             :     exinfo->suggestedsoundtype = 5
[LOG] SystemI::createSoundInternal             :     exinfo->initialseekposition = 480
[LOG] SystemI::createSoundInternal             :     exinfo->initialseekpostype = 1
[LOG] SystemI::createSoundInternal             :     Stream 0/1: name='423475__camel7695__tam-tam-soft', format=2, channels=2, frequency=48000, lengthbytes=629792, lengthpcm=2736000, pcmblocksize=0, loopstart=0, loopend=0, mode=0x00000000, channelmask=0x00000000, channelorder=0, peakvolume=0.739441.
[LOG] AsyncThread::threadFunc                  : Finished Asynchronous operation on sound 000001588D8AE7C8
[LOG] SoundI::getSubSound                      : sound 000001588D8AE7C8.  Subsound index 0 / 1
[LOG] SoundI::release                          : 423475__camel7695__tam-tam-soft (000001588D8AE7C8)
[LOG] SoundI::release                          :     423475__camel7695__tam-tam-soft (00000158E451D318)
[LOG] SoundI::release                          :     423475__camel7695__tam-tam-soft (00000158E48F95B8)
[LOG] SystemI::createSound                     : filename = FMOD\LeyLine\Build\Desktop/UISFX.bank : mode 02010082
[LOG] SystemI::createSound                     : FMOD_NONBLOCKING specified.  Putting into queue to be opened asynchronously!
[LOG] SystemI::createSound                     : setdata soundi = 0000015A23FC9818 : node = 00000158E45E97A0
[LOG] SystemI::createSound                     : add node to async list : head = 00000158E451A208.  list count = 0
[LOG] AsyncThread::threadFunc                  : Starting Asynchronous operation on sound 0000015A23FC9818
[LOG] SystemI::createSoundInternal             :     Create name='FMOD\LeyLine\Build\Desktop/UISFX.bank', mode=0x02010082
[LOG] SystemI::createSoundInternal             :     exinfo->cbsize             = 224
[LOG] SystemI::createSoundInternal             :     exinfo->length             = 874528
[LOG] SystemI::createSoundInternal             :     exinfo->fileoffset         = 19808
[LOG] SystemI::createSoundInternal             :     exinfo->numsubsounds       = 1
[LOG] SystemI::createSoundInternal             :     exinfo->inclusionlist      = 00000158E45E98B0
[LOG] SystemI::createSoundInternal             :     exinfo->inclusionlistnum   = 1
[LOG] SystemI::createSoundInternal             :     exinfo->suggestedsoundtype = 5
[LOG] SystemI::createSoundInternal             :     exinfo->initialseekposition = 480
[LOG] SystemI::createSoundInternal             :     exinfo->initialseekpostype = 1
[LOG] SystemI::createSoundInternal             :     Stream 0/1: name='423475__camel7695__tam-tam-soft', format=2, channels=2, frequency=48000, lengthbytes=629792, lengthpcm=2736000, pcmblocksize=0, loopstart=0, loopend=0, mode=0x00000000, channelmask=0x00000000, channelorder=0, peakvolume=0.739441.
[LOG] AsyncThread::threadFunc                  : Finished Asynchronous operation on sound 0000015A23FC9818
[LOG] SoundI::getSubSound                      : sound 0000015A23FC9818.  Subsound index 0 / 1
[LOG] SoundI::release                          : 423475__camel7695__tam-tam-soft (0000015A23FC9818)
[LOG] SoundI::release                          :     423475__camel7695__tam-tam-soft (00000158E451E018)
[LOG] SoundI::release                          :     423475__camel7695__tam-tam-soft (000001589B1AE738)
[LOG] SystemI::createSound                     : filename = FMOD\LeyLine\Build\Desktop/UISFX.bank : mode 02010082
[LOG] SystemI::createSound                     : FMOD_NONBLOCKING specified.  Putting into queue to be opened asynchronously!
[LOG] SystemI::createSound                     : setdata soundi = 0000015A23FC9ED8 : node = 00000158E45E9CA0
[LOG] SystemI::createSound                     : add node to async list : head = 00000158E451A208.  list count = 0
[LOG] AsyncThread::threadFunc                  : Starting Asynchronous operation on sound 0000015A23FC9ED8
[LOG] SystemI::createSoundInternal             :     Create name='FMOD\LeyLine\Build\Desktop/UISFX.bank', mode=0x02010082
[LOG] SystemI::createSoundInternal             :     exinfo->cbsize             = 224
[LOG] SystemI::createSoundInternal             :     exinfo->length             = 874528
[LOG] SystemI::createSoundInternal             :     exinfo->fileoffset         = 19808
[LOG] SystemI::createSoundInternal             :     exinfo->numsubsounds       = 1
[LOG] SystemI::createSoundInternal             :     exinfo->inclusionlist      = 00000158E45E9DB0
[LOG] SystemI::createSoundInternal             :     exinfo->inclusionlistnum   = 1
[LOG] SystemI::createSoundInternal             :     exinfo->suggestedsoundtype = 5
[LOG] SystemI::createSoundInternal             :     exinfo->initialseekposition = 480
[LOG] SystemI::createSoundInternal             :     exinfo->initialseekpostype = 1
[LOG] SystemI::createSoundInternal             :     Stream 0/1: name='423475__camel7695__tam-tam-soft', format=2, channels=2, frequency=48000, lengthbytes=629792, lengthpcm=2736000, pcmblocksize=0, loopstart=0, loopend=0, mode=0x00000000, channelmask=0x00000000, channelorder=0, peakvolume=0.739441.
[LOG] AsyncThread::threadFunc                  : Finished Asynchronous operation on sound 0000015A23FC9ED8
[LOG] SoundI::getSubSound                      : sound 0000015A23FC9ED8.  Subsound index 0 / 1
[LOG] SoundI::release                          : 423475__camel7695__tam-tam-soft (0000015A23FC9ED8)
[LOG] SoundI::release                          :     423475__camel7695__tam-tam-soft (00000158E451D318)
[LOG] SoundI::release                          :     423475__camel7695__tam-tam-soft (000001588D8AE7C8)
[LOG] SoundI::release                          :  (00000159E4B48368)
[LOG] SoundI::release                          :     Tick1 (00000158E451FD58)
[LOG] SoundI::release                          :  (00000159E4B49058)
[LOG] SoundI::release                          :     Tick2 (00000158E451FEF8)
[LOG] SoundI::release                          :  (00000159E4B49788)
[LOG] SoundI::release                          :     Tick3 (00000158E4520A58)
[LOG] SoundI::release                          :  (00000159DE48C8A8)
[LOG] SoundI::release                          :     ManalithLoop (00000158E4520098)
[LOG] SoundI::release                          : swamp-sounds (000001588D8AE978)
[LOG] SoundI::release                          :     swamp-sounds (00000158E451E1B8)
[LOG] SoundI::release                          :     swamp-sounds (00000159E46F02C8)
[LOG] SoundI::release                          :  (00000159DAEC23C8)
[LOG] SoundI::release                          :     ExplosionBass1 (00000158E451FA18)
[LOG] SoundI::release                          :  (00000159E4B48D78)
[LOG] SoundI::release                          :     BassAHummLoop (00000158E451ADB8)
[LOG] SoundI::release                          :  (00000158F8C813E8)
[LOG] SoundI::release                          :     StoneGrind1 (00000158E451DCD8)
[LOG] SoundI::release                          :  (00000159F9731788)
[LOG] SoundI::release                          :     ExplosionDebris1 (00000158E451B438)
[LOG] SoundI::release                          :  (00000159F9731618)
[LOG] SoundI::release                          :     ExplosionDebris2 (00000158E451A738)
[LOG] SoundI::release                          :  (00000159F9730A98)
[LOG] SoundI::release                          :     Thump1 (00000158E451B298)
[LOG] SoundI::release                          :  (00000159F9732A38)
[LOG] SoundI::release                          :     SwordUnSheathe1 (00000158E451DB38)
[LOG] SoundI::release                          :  (00000159F97335B8)
[LOG] SoundI::release                          :     TimerEnd (00000158E451BDF8)
[LOG] SoundI::release                          :  (00000158F8C80E28)
[LOG] SoundI::release                          :     BRRRRLoop (00000158E451C138)
[LOG] SoundI::release                          :  (00000159F9730368)
[LOG] SoundI::release                          :     TikTokLoop (00000158E451FBB8)
[LOG] Thread::callback                         : FMOD Studio update thread finished.
[LOG] Thread::callback                         : FMOD Studio bank load thread finished.
[LOG] ProfileClient::markForDead               : Closing client connection
[LOG] Profile::disconnectAll                   : Profiler disconnecting all clients
[LOG] FMOD_OS_Net_Read                         : Interrupted.[LOG] Thread::callback                         : FMOD profiler thread (send) finished.
[LOG] ProfileClient::recvThreadLoopFunction    : Socket disconnected
[LOG] Thread::callback                         : FMOD profiler thread (recv) finished.
[LOG] Thread::callback                         : FMOD Studio sample load thread finished.
[LOG] LiveUpdate::release                      : 
[LOG] LiveUpdate::reset                        : Reset connection (reason Disconnected)
[LOG] Thread::callback                         : FMOD stream thread finished.
[LOG] Thread::callback                         : FMOD mixer thread finished.
[LOG] Profile::disconnectAll                   : Profiler disconnecting all clients
[LOG] SystemI::close                           : Closed.
[LOG] Thread::callback                         : FMOD Studio bank load thread finished.
[LOG] Thread::callback                         : FMOD Studio sample load thread finished.
[LOG] LiveUpdate::release                      : 
[LOG] LiveUpdate::reset                        : Reset connection (reason Disconnected)
[LOG] Thread::callback                         : FMOD stream thread finished.
[LOG] Thread::callback                         : FMOD mixer thread finished.
[LOG] Thread::callback                         : FMOD nonblocking thread (0) finished.
[LOG] Thread::callback                         : FMOD file thread finished.
[LOG] SystemI::close                           : Closed.
